[INFO] Scanning for projects...
[INFO] 
[INFO] ------------------< com.talentstack:talentstack-api >-------------------
[INFO] Building talentstack-api 0.0.1-SNAPSHOT
[INFO]   from pom.xml
[INFO] --------------------------------[ jar ]---------------------------------
[INFO] 
[INFO] >>> spring-boot:3.2.2:run (default-cli) > test-compile @ talentstack-api >>>
[INFO] 
[INFO] --- resources:3.3.1:resources (default-resources) @ talentstack-api ---
[INFO] skip non existing resourceDirectory /Users/marcogiven/Desktop/classes/junior/3296/final-project-03-nametbd/backend/src/main/resources
[INFO] skip non existing resourceDirectory /Users/marcogiven/Desktop/classes/junior/3296/final-project-03-nametbd/backend/src/main/resources
[INFO] 
[INFO] --- compiler:3.11.0:compile (default-compile) @ talentstack-api ---
[INFO] Nothing to compile - all classes are up to date
[INFO] 
[INFO] --- resources:3.3.1:testResources (default-testResources) @ talentstack-api ---
[INFO] skip non existing resourceDirectory /Users/marcogiven/Desktop/classes/junior/3296/final-project-03-nametbd/backend/src/test/resources
[INFO] 
[INFO] --- compiler:3.11.0:testCompile (default-testCompile) @ talentstack-api ---
[INFO] No sources to compile
[INFO] 
[INFO] <<< spring-boot:3.2.2:run (default-cli) < test-compile @ talentstack-api <<<
[INFO] 
[INFO] 
[INFO] --- spring-boot:3.2.2:run (default-cli) @ talentstack-api ---
[INFO] Attaching agents: []

  .   ____          _            __ _ _
 /\\ / ___'_ __ _ _(_)_ __  __ _ \ \ \ \
( ( )\___ | '_ | '_| | '_ \/ _` | \ \ \ \
 \\/  ___)| |_)| | | | | || (_| |  ) ) ) )
  '  |____| .__|_| |_|_| |_\__, | / / / /
 =========|_|==============|___/=/_/_/_/
 :: Spring Boot ::                (v3.2.2)

2026-04-17T17:49:40.185-04:00  INFO 35764 --- [           main] c.t.a.config.TalentStackApiApplication   : Starting TalentStackApiApplication using Java 25.0.2 with PID 35764 (/Users/marcogiven/Desktop/classes/junior/3296/final-project-03-nametbd/backend/target/classes started by marcogiven in /Users/marcogiven/Desktop/classes/junior/3296/final-project-03-nametbd/backend)
2026-04-17T17:49:40.187-04:00  INFO 35764 --- [           main] c.t.a.config.TalentStackApiApplication   : No active profile set, falling back to 1 default profile: "default"
2026-04-17T17:49:40.605-04:00  INFO 35764 --- [           main] .s.d.r.c.RepositoryConfigurationDelegate : Bootstrapping Spring Data JPA repositories in DEFAULT mode.
2026-04-17T17:49:40.622-04:00  INFO 35764 --- [           main] .s.d.r.c.RepositoryConfigurationDelegate : Finished Spring Data repository scanning in 14 ms. Found 0 JPA repository interfaces.
WARNING: A restricted method in java.lang.System has been called
WARNING: java.lang.System::load has been called by org.apache.tomcat.jni.Library in an unnamed module (file:/Users/marcogiven/.m2/repository/org/apache/tomcat/embed/tomcat-embed-core/10.1.18/tomcat-embed-core-10.1.18.jar)
WARNING: Use --enable-native-access=ALL-UNNAMED to avoid a warning for callers in this module
WARNING: Restricted methods will be blocked in a future release unless native access is enabled

2026-04-17T17:49:40.961-04:00  INFO 35764 --- [           main] o.s.b.w.embedded.tomcat.TomcatWebServer  : Tomcat initialized with port 8080 (http)
2026-04-17T17:49:40.969-04:00  INFO 35764 --- [           main] o.apache.catalina.core.StandardService   : Starting service [Tomcat]
2026-04-17T17:49:40.969-04:00  INFO 35764 --- [           main] o.apache.catalina.core.StandardEngine    : Starting Servlet engine: [Apache Tomcat/10.1.18]
2026-04-17T17:49:40.995-04:00  INFO 35764 --- [           main] o.a.c.c.C.[Tomcat].[localhost].[/]       : Initializing Spring embedded WebApplicationContext
2026-04-17T17:49:40.996-04:00  INFO 35764 --- [           main] w.s.c.ServletWebServerApplicationContext : Root WebApplicationContext: initialization completed in 787 ms
2026-04-17T17:49:41.096-04:00  WARN 35764 --- [           main] ConfigServletWebServerApplicationContext : Exception encountered during context initialization - cancelling refresh attempt: org.springframework.beans.factory.UnsatisfiedDependencyException: Error creating bean with name 'dataSourceScriptDatabaseInitializer' defined in class path resource [org/springframework/boot/autoconfigure/sql/init/DataSourceInitializationConfiguration.class]: Unsatisfied dependency expressed through method 'dataSourceScriptDatabaseInitializer' parameter 0: Error creating bean with name 'dataSource' defined in class path resource [org/springframework/boot/autoconfigure/jdbc/DataSourceConfiguration$Hikari.class]: Failed to instantiate [com.zaxxer.hikari.HikariDataSource]: Factory method 'dataSource' threw exception with message: Failed to determine a suitable driver class
2026-04-17T17:49:41.097-04:00  INFO 35764 --- [           main] o.apache.catalina.core.StandardService   : Stopping service [Tomcat]
2026-04-17T17:49:41.110-04:00  INFO 35764 --- [           main] .s.b.a.l.ConditionEvaluationReportLogger : 

Error starting ApplicationContext. To display the condition evaluation report re-run your application with 'debug' enabled.
2026-04-17T17:49:41.118-04:00 ERROR 35764 --- [           main] o.s.b.d.LoggingFailureAnalysisReporter   : 

***************************
APPLICATION FAILED TO START
***************************

Description:

Failed to configure a DataSource: 'url' attribute is not specified and no embedded datasource could be configured.

Reason: Failed to determine a suitable driver class


Action:

Consider the following:
	If you want an embedded database (H2, HSQL or Derby), please put it on the classpath.
	If you have database settings to be loaded from a particular profile you may need to activate it (no profiles are currently active).

[INFO] ------------------------------------------------------------------------
[INFO] BUILD FAILURE
[INFO] ------------------------------------------------------------------------
[INFO] Total time:  1.987 s
[INFO] Finished at: 2026-04-17T17:49:41-04:00
[INFO] ------------------------------------------------------------------------
[ERROR] Failed to execute goal org.springframework.boot:spring-boot-maven-plugin:3.2.2:run (default-cli) on project talentstack-api: Process terminated with exit code: 1 -> [Help 1]
[ERROR] 
[ERROR] To see the full stack trace of the errors, re-run Maven with the -e switch.
[ERROR] Re-run Maven using the -X switch to enable full debug logging.
[ERROR] 
[ERROR] For more information about the errors and possible solutions, please read the following articles:
[ERROR] [Help 1] http://cwiki.apache.org/confluence/display/MAVEN/MojoExecutionException
